<?xml version="1.0" encoding="UTF-8"?>
<testng-results ignored="0" total="26" passed="24" failed="2" skipped="0">
  <reporter-output>
  </reporter-output>
  <suite started-at="2022-08-22T12:34:15 IST" name="Suite" finished-at="2022-08-22T12:41:17 IST" duration-ms="422532">
    <groups>
      <group name="cucumber">
        <method signature="AbstractTestNGCucumberTests.runScenario(io.cucumber.testng.PickleWrapper,io.cucumber.testng.FeatureWrapper)[pri:0, instance:TestRunner.testRunnerClass@7d4f9aae]" name="runScenario" class="io.cucumber.testng.AbstractTestNGCucumberTests"/>
      </group> <!-- cucumber -->
    </groups>
    <test started-at="2022-08-22T12:34:15 IST" name="Test" finished-at="2022-08-22T12:41:17 IST" duration-ms="422532">
      <class name="TestRunner.testRunnerClass">
        <test-method is-config="true" signature="setUpClass()[pri:0, instance:TestRunner.testRunnerClass@7d4f9aae]" started-at="2022-08-22T12:34:15 IST" name="setUpClass" finished-at="2022-08-22T12:34:15 IST" duration-ms="908" status="PASS">
          <reporter-output>
          </reporter-output>
        </test-method> <!-- setUpClass -->
        <test-method signature="runScenario(io.cucumber.testng.PickleWrapper,io.cucumber.testng.FeatureWrapper)[pri:0, instance:TestRunner.testRunnerClass@7d4f9aae]" started-at="2022-08-22T12:34:15 IST" name="runScenario" description="Runs Cucumber Scenarios" data-provider="scenarios" finished-at="2022-08-22T12:34:20 IST" duration-ms="4561" status="PASS">
          <params>
            <param index="0">
              <value>
                <![CDATA["Validate the url of Swiggy Page"]]>
              </value>
            </param>
            <param index="1">
              <value>
                <![CDATA["Optional[Location Functionality]"]]>
              </value>
            </param>
          </params>
          <reporter-output>
          </reporter-output>
        </test-method> <!-- runScenario -->
        <test-method signature="runScenario(io.cucumber.testng.PickleWrapper,io.cucumber.testng.FeatureWrapper)[pri:0, instance:TestRunner.testRunnerClass@7d4f9aae]" started-at="2022-08-22T12:34:20 IST" name="runScenario" description="Runs Cucumber Scenarios" data-provider="scenarios" finished-at="2022-08-22T12:34:27 IST" duration-ms="6475" status="PASS">
          <params>
            <param index="0">
              <value>
                <![CDATA["Check if the Delivery Location field is giving suggestions for valid city names"]]>
              </value>
            </param>
            <param index="1">
              <value>
                <![CDATA["Optional[Location Functionality]"]]>
              </value>
            </param>
          </params>
          <reporter-output>
          </reporter-output>
        </test-method> <!-- runScenario -->
        <test-method signature="runScenario(io.cucumber.testng.PickleWrapper,io.cucumber.testng.FeatureWrapper)[pri:0, instance:TestRunner.testRunnerClass@7d4f9aae]" started-at="2022-08-22T12:34:27 IST" name="runScenario" description="Runs Cucumber Scenarios" data-provider="scenarios" finished-at="2022-08-22T12:34:33 IST" duration-ms="6863" status="PASS">
          <params>
            <param index="0">
              <value>
                <![CDATA["Check if the Delivery Location field is giving suggestions for valid city names"]]>
              </value>
            </param>
            <param index="1">
              <value>
                <![CDATA["Optional[Location Functionality]"]]>
              </value>
            </param>
          </params>
          <reporter-output>
          </reporter-output>
        </test-method> <!-- runScenario -->
        <test-method signature="runScenario(io.cucumber.testng.PickleWrapper,io.cucumber.testng.FeatureWrapper)[pri:0, instance:TestRunner.testRunnerClass@7d4f9aae]" started-at="2022-08-22T12:34:33 IST" name="runScenario" description="Runs Cucumber Scenarios" data-provider="scenarios" finished-at="2022-08-22T12:34:39 IST" duration-ms="5798" status="PASS">
          <params>
            <param index="0">
              <value>
                <![CDATA["Check if the Delivery Location field is giving suggestions for Invalid city names"]]>
              </value>
            </param>
            <param index="1">
              <value>
                <![CDATA["Optional[Location Functionality]"]]>
              </value>
            </param>
          </params>
          <reporter-output>
          </reporter-output>
        </test-method> <!-- runScenario -->
        <test-method signature="runScenario(io.cucumber.testng.PickleWrapper,io.cucumber.testng.FeatureWrapper)[pri:0, instance:TestRunner.testRunnerClass@7d4f9aae]" started-at="2022-08-22T12:34:39 IST" name="runScenario" description="Runs Cucumber Scenarios" data-provider="scenarios" finished-at="2022-08-22T12:34:46 IST" duration-ms="6691" status="PASS">
          <params>
            <param index="0">
              <value>
                <![CDATA["Check if User is able to enter other location after clicking on Clear button"]]>
              </value>
            </param>
            <param index="1">
              <value>
                <![CDATA["Optional[Location Functionality]"]]>
              </value>
            </param>
          </params>
          <reporter-output>
          </reporter-output>
        </test-method> <!-- runScenario -->
        <test-method signature="runScenario(io.cucumber.testng.PickleWrapper,io.cucumber.testng.FeatureWrapper)[pri:0, instance:TestRunner.testRunnerClass@7d4f9aae]" started-at="2022-08-22T12:34:46 IST" name="runScenario" description="Runs Cucumber Scenarios" data-provider="scenarios" finished-at="2022-08-22T12:34:57 IST" duration-ms="11384" status="PASS">
          <params>
            <param index="0">
              <value>
                <![CDATA["Check if clicking on Locate Me button fetch the current location."]]>
              </value>
            </param>
            <param index="1">
              <value>
                <![CDATA["Optional[Location Functionality]"]]>
              </value>
            </param>
          </params>
          <reporter-output>
          </reporter-output>
        </test-method> <!-- runScenario -->
        <test-method signature="runScenario(io.cucumber.testng.PickleWrapper,io.cucumber.testng.FeatureWrapper)[pri:0, instance:TestRunner.testRunnerClass@7d4f9aae]" started-at="2022-08-22T12:34:57 IST" name="runScenario" description="Runs Cucumber Scenarios" data-provider="scenarios" finished-at="2022-08-22T12:35:07 IST" duration-ms="9787" status="PASS">
          <params>
            <param index="0">
              <value>
                <![CDATA["Check if User is able to change the location on Home Page"]]>
              </value>
            </param>
            <param index="1">
              <value>
                <![CDATA["Optional[Location Functionality]"]]>
              </value>
            </param>
          </params>
          <reporter-output>
          </reporter-output>
        </test-method> <!-- runScenario -->
        <test-method signature="runScenario(io.cucumber.testng.PickleWrapper,io.cucumber.testng.FeatureWrapper)[pri:0, instance:TestRunner.testRunnerClass@7d4f9aae]" started-at="2022-08-22T12:35:07 IST" name="runScenario" description="Runs Cucumber Scenarios" data-provider="scenarios" finished-at="2022-08-22T12:35:20 IST" duration-ms="12550" status="PASS">
          <params>
            <param index="0">
              <value>
                <![CDATA["Check if User is able to get suggestions for Restaurant names in Search field"]]>
              </value>
            </param>
            <param index="1">
              <value>
                <![CDATA["Optional[Search functionality]"]]>
              </value>
            </param>
          </params>
          <reporter-output>
          </reporter-output>
        </test-method> <!-- runScenario -->
        <test-method signature="runScenario(io.cucumber.testng.PickleWrapper,io.cucumber.testng.FeatureWrapper)[pri:0, instance:TestRunner.testRunnerClass@7d4f9aae]" started-at="2022-08-22T12:35:20 IST" name="runScenario" description="Runs Cucumber Scenarios" data-provider="scenarios" finished-at="2022-08-22T12:35:27 IST" duration-ms="6987" status="PASS">
          <params>
            <param index="0">
              <value>
                <![CDATA["Check if User is able to get suggestion for Invalid restaurant and food item name"]]>
              </value>
            </param>
            <param index="1">
              <value>
                <![CDATA["Optional[Search functionality]"]]>
              </value>
            </param>
          </params>
          <reporter-output>
          </reporter-output>
        </test-method> <!-- runScenario -->
        <test-method signature="runScenario(io.cucumber.testng.PickleWrapper,io.cucumber.testng.FeatureWrapper)[pri:0, instance:TestRunner.testRunnerClass@7d4f9aae]" started-at="2022-08-22T12:35:27 IST" name="runScenario" description="Runs Cucumber Scenarios" data-provider="scenarios" finished-at="2022-08-22T12:35:41 IST" duration-ms="13948" status="PASS">
          <params>
            <param index="0">
              <value>
                <![CDATA["Check if User is able to click on suggestions by Restaurant name"]]>
              </value>
            </param>
            <param index="1">
              <value>
                <![CDATA["Optional[Search functionality]"]]>
              </value>
            </param>
          </params>
          <reporter-output>
          </reporter-output>
        </test-method> <!-- runScenario -->
        <test-method signature="runScenario(io.cucumber.testng.PickleWrapper,io.cucumber.testng.FeatureWrapper)[pri:0, instance:TestRunner.testRunnerClass@7d4f9aae]" started-at="2022-08-22T12:35:41 IST" name="runScenario" description="Runs Cucumber Scenarios" data-provider="scenarios" finished-at="2022-08-22T12:35:54 IST" duration-ms="13510" status="PASS">
          <params>
            <param index="0">
              <value>
                <![CDATA["Check if User is able to click on suggestions by Food Items"]]>
              </value>
            </param>
            <param index="1">
              <value>
                <![CDATA["Optional[Search functionality]"]]>
              </value>
            </param>
          </params>
          <reporter-output>
          </reporter-output>
        </test-method> <!-- runScenario -->
        <test-method signature="runScenario(io.cucumber.testng.PickleWrapper,io.cucumber.testng.FeatureWrapper)[pri:0, instance:TestRunner.testRunnerClass@7d4f9aae]" started-at="2022-08-22T12:35:54 IST" name="runScenario" description="Runs Cucumber Scenarios" data-provider="scenarios" finished-at="2022-08-22T12:36:12 IST" duration-ms="17544" status="PASS">
          <params>
            <param index="0">
              <value>
                <![CDATA["Check if User is able to click on Popular Cuisines and get suggestions"]]>
              </value>
            </param>
            <param index="1">
              <value>
                <![CDATA["Optional[Search functionality]"]]>
              </value>
            </param>
          </params>
          <reporter-output>
          </reporter-output>
        </test-method> <!-- runScenario -->
        <test-method signature="runScenario(io.cucumber.testng.PickleWrapper,io.cucumber.testng.FeatureWrapper)[pri:0, instance:TestRunner.testRunnerClass@7d4f9aae]" started-at="2022-08-22T12:36:12 IST" name="runScenario" description="Runs Cucumber Scenarios" data-provider="scenarios" finished-at="2022-08-22T12:36:29 IST" duration-ms="17307" status="PASS">
          <params>
            <param index="0">
              <value>
                <![CDATA["Check if Restaurants and Dishes section are giving results"]]>
              </value>
            </param>
            <param index="1">
              <value>
                <![CDATA["Optional[Search functionality]"]]>
              </value>
            </param>
          </params>
          <reporter-output>
          </reporter-output>
        </test-method> <!-- runScenario -->
        <test-method signature="runScenario(io.cucumber.testng.PickleWrapper,io.cucumber.testng.FeatureWrapper)[pri:0, instance:TestRunner.testRunnerClass@7d4f9aae]" started-at="2022-08-22T12:36:29 IST" name="runScenario" description="Runs Cucumber Scenarios" data-provider="scenarios" finished-at="2022-08-22T12:36:48 IST" duration-ms="18676" status="PASS">
          <params>
            <param index="0">
              <value>
                <![CDATA["Check if User is able to sort the search results by different methods"]]>
              </value>
            </param>
            <param index="1">
              <value>
                <![CDATA["Optional[Search functionality]"]]>
              </value>
            </param>
          </params>
          <reporter-output>
          </reporter-output>
        </test-method> <!-- runScenario -->
        <test-method signature="runScenario(io.cucumber.testng.PickleWrapper,io.cucumber.testng.FeatureWrapper)[pri:0, instance:TestRunner.testRunnerClass@7d4f9aae]" started-at="2022-08-22T12:36:48 IST" name="runScenario" description="Runs Cucumber Scenarios" data-provider="scenarios" finished-at="2022-08-22T12:36:57 IST" duration-ms="9765" status="PASS">
          <params>
            <param index="0">
              <value>
                <![CDATA["Check the behaviour of Cart button when no food item is added"]]>
              </value>
            </param>
            <param index="1">
              <value>
                <![CDATA["Optional[Add To Cart functionality]"]]>
              </value>
            </param>
          </params>
          <reporter-output>
          </reporter-output>
        </test-method> <!-- runScenario -->
        <test-method signature="runScenario(io.cucumber.testng.PickleWrapper,io.cucumber.testng.FeatureWrapper)[pri:0, instance:TestRunner.testRunnerClass@7d4f9aae]" started-at="2022-08-22T12:36:57 IST" name="runScenario" description="Runs Cucumber Scenarios" data-provider="scenarios" finished-at="2022-08-22T12:37:10 IST" duration-ms="12470" status="PASS">
          <params>
            <param index="0">
              <value>
                <![CDATA["Check if User is able to view the list of all Recommended food items"]]>
              </value>
            </param>
            <param index="1">
              <value>
                <![CDATA["Optional[Add To Cart functionality]"]]>
              </value>
            </param>
          </params>
          <reporter-output>
          </reporter-output>
        </test-method> <!-- runScenario -->
        <test-method signature="runScenario(io.cucumber.testng.PickleWrapper,io.cucumber.testng.FeatureWrapper)[pri:0, instance:TestRunner.testRunnerClass@7d4f9aae]" started-at="2022-08-22T12:37:10 IST" name="runScenario" description="Runs Cucumber Scenarios" data-provider="scenarios" finished-at="2022-08-22T12:37:55 IST" duration-ms="44804" status="FAIL">
          <params>
            <param index="0">
              <value>
                <![CDATA["Check if User is able to add multiple food items from same restaurant"]]>
              </value>
            </param>
            <param index="1">
              <value>
                <![CDATA["Optional[Add To Cart functionality]"]]>
              </value>
            </param>
          </params>
          <exception class="org.openqa.selenium.NoSuchElementException">
            <message>
              <![CDATA[no such element: Unable to locate element: {"method":"xpath","selector":"/html/body/div[1]/div[1]/div[1]/div[1]/div[4]/div[2]/div/div[2]/div[2]/div/div[2]/div[3]/div[2]/div/div[1]/div[2]"}
  (Session info: chrome=104.0.5112.82)
For documentation on this error, please visit: https://www.seleniumhq.org/exceptions/no_such_element.html
Build info: version: '3.141.59', revision: 'e82be7d358', time: '2018-11-14T08:17:03'
System info: host: 'LIN51013508', ip: '192.168.29.56', os.name: 'Windows 10', os.arch: 'amd64', os.version: '10.0', java.version: '16.0.1'
Driver info: org.openqa.selenium.chrome.ChromeDriver
Capabilities {acceptInsecureCerts: false, browserName: chrome, browserVersion: 104.0.5112.82, chrome: {chromedriverVersion: 104.0.5112.79 (3cf3e8c8a07d..., userDataDir: C:\Users\aavadhoo\AppData\L...}, goog:chromeOptions: {debuggerAddress: localhost:57763}, javascriptEnabled: true, networkConnectionEnabled: false, pageLoadStrategy: normal, platform: WINDOWS, platformName: WINDOWS, proxy: Proxy(), setWindowRect: true, strictFileInteractability: false, timeouts: {implicit: 0, pageLoad: 300000, script: 30000}, unhandledPromptBehavior: dismiss and notify, webauthn:extension:credBlob: true, webauthn:extension:largeBlob: true, webauthn:virtualAuthenticators: true}
Session ID: 0d5d0ec77bc2418d51f44a6893293c61
*** Element info: {Using=xpath, value=/html/body/div[1]/div[1]/div[1]/div[1]/div[4]/div[2]/div/div[2]/div[2]/div/div[2]/div[3]/div[2]/div/div[1]/div[2]}]]>
            </message>
            <full-stacktrace>
              <![CDATA[org.openqa.selenium.NoSuchElementException: no such element: Unable to locate element: {"method":"xpath","selector":"/html/body/div[1]/div[1]/div[1]/div[1]/div[4]/div[2]/div/div[2]/div[2]/div/div[2]/div[3]/div[2]/div/div[1]/div[2]"}
  (Session info: chrome=104.0.5112.82)
For documentation on this error, please visit: https://www.seleniumhq.org/exceptions/no_such_element.html
Build info: version: '3.141.59', revision: 'e82be7d358', time: '2018-11-14T08:17:03'
System info: host: 'LIN51013508', ip: '192.168.29.56', os.name: 'Windows 10', os.arch: 'amd64', os.version: '10.0', java.version: '16.0.1'
Driver info: org.openqa.selenium.chrome.ChromeDriver
Capabilities {acceptInsecureCerts: false, browserName: chrome, browserVersion: 104.0.5112.82, chrome: {chromedriverVersion: 104.0.5112.79 (3cf3e8c8a07d..., userDataDir: C:\Users\aavadhoo\AppData\L...}, goog:chromeOptions: {debuggerAddress: localhost:57763}, javascriptEnabled: true, networkConnectionEnabled: false, pageLoadStrategy: normal, platform: WINDOWS, platformName: WINDOWS, proxy: Proxy(), setWindowRect: true, strictFileInteractability: false, timeouts: {implicit: 0, pageLoad: 300000, script: 30000}, unhandledPromptBehavior: dismiss and notify, webauthn:extension:credBlob: true, webauthn:extension:largeBlob: true, webauthn:virtualAuthenticators: true}
Session ID: 0d5d0ec77bc2418d51f44a6893293c61
*** Element info: {Using=xpath, value=/html/body/div[1]/div[1]/div[1]/div[1]/div[4]/div[2]/div/div[2]/div[2]/div/div[2]/div[3]/div[2]/div/div[1]/div[2]}
at java.base/jdk.internal.reflect.NativeConstructorAccessorImpl.newInstance0(Native Method)
at java.base/jdk.internal.reflect.NativeConstructorAccessorImpl.newInstance(NativeConstructorAccessorImpl.java:78)
at java.base/jdk.internal.reflect.DelegatingConstructorAccessorImpl.newInstance(DelegatingConstructorAccessorImpl.java:45)
at java.base/java.lang.reflect.Constructor.newInstanceWithCaller(Constructor.java:499)
at java.base/java.lang.reflect.Constructor.newInstance(Constructor.java:480)
at org.openqa.selenium.remote.http.W3CHttpResponseCodec.createException(W3CHttpResponseCodec.java:187)
at org.openqa.selenium.remote.http.W3CHttpResponseCodec.decode(W3CHttpResponseCodec.java:122)
at org.openqa.selenium.remote.http.W3CHttpResponseCodec.decode(W3CHttpResponseCodec.java:49)
at org.openqa.selenium.remote.HttpCommandExecutor.execute(HttpCommandExecutor.java:158)
at org.openqa.selenium.remote.service.DriverCommandExecutor.execute(DriverCommandExecutor.java:83)
at org.openqa.selenium.remote.RemoteWebDriver.execute(RemoteWebDriver.java:552)
at org.openqa.selenium.remote.RemoteWebDriver.findElement(RemoteWebDriver.java:323)
at org.openqa.selenium.remote.RemoteWebDriver.findElementByXPath(RemoteWebDriver.java:428)
at org.openqa.selenium.By$ByXPath.findElement(By.java:353)
at org.openqa.selenium.remote.RemoteWebDriver.findElement(RemoteWebDriver.java:315)
at org.openqa.selenium.support.pagefactory.DefaultElementLocator.findElement(DefaultElementLocator.java:69)
at org.openqa.selenium.support.pagefactory.internal.LocatingElementHandler.invoke(LocatingElementHandler.java:38)
at jdk.proxy2/jdk.proxy2.$Proxy25.click(Unknown Source)
at PageFactoryy.swiggyAddToCartPageFactory.increaseQuantity(swiggyAddToCartPageFactory.java:144)
at StepDefinition.swiggyAddToCartDefinition.user_is_able_to_increase_or_decrease_the_quantity_of_food_item(swiggyAddToCartDefinition.java:63)
at ✽.User is able to increase or decrease the quantity of food item(file:///C:/Users/aavadhoo/OneDrive%20-%20Capgemini/Desktop/JUnit/com.swiggyyy/src/test/java/FeatureFile/addToCart.feature:25)
]]>
            </full-stacktrace>
          </exception> <!-- org.openqa.selenium.NoSuchElementException -->
          <reporter-output>
          </reporter-output>
        </test-method> <!-- runScenario -->
        <test-method signature="runScenario(io.cucumber.testng.PickleWrapper,io.cucumber.testng.FeatureWrapper)[pri:0, instance:TestRunner.testRunnerClass@7d4f9aae]" started-at="2022-08-22T12:37:55 IST" name="runScenario" description="Runs Cucumber Scenarios" data-provider="scenarios" finished-at="2022-08-22T12:38:39 IST" duration-ms="44720" status="FAIL">
          <params>
            <param index="0">
              <value>
                <![CDATA["Check if User is able to view the total cost and discount in Cart page"]]>
              </value>
            </param>
            <param index="1">
              <value>
                <![CDATA["Optional[Add To Cart functionality]"]]>
              </value>
            </param>
          </params>
          <exception class="org.openqa.selenium.NoSuchElementException">
            <message>
              <![CDATA[no such element: Unable to locate element: {"method":"xpath","selector":"/html/body/div[1]/div[1]/div[1]/div[1]/div[4]/div[2]/div/div[2]/div[2]/div/div[2]/div[3]/div[2]/div/div[1]/div[2]"}
  (Session info: chrome=104.0.5112.82)
For documentation on this error, please visit: https://www.seleniumhq.org/exceptions/no_such_element.html
Build info: version: '3.141.59', revision: 'e82be7d358', time: '2018-11-14T08:17:03'
System info: host: 'LIN51013508', ip: '192.168.29.56', os.name: 'Windows 10', os.arch: 'amd64', os.version: '10.0', java.version: '16.0.1'
Driver info: org.openqa.selenium.chrome.ChromeDriver
Capabilities {acceptInsecureCerts: false, browserName: chrome, browserVersion: 104.0.5112.82, chrome: {chromedriverVersion: 104.0.5112.79 (3cf3e8c8a07d..., userDataDir: C:\Users\aavadhoo\AppData\L...}, goog:chromeOptions: {debuggerAddress: localhost:57823}, javascriptEnabled: true, networkConnectionEnabled: false, pageLoadStrategy: normal, platform: WINDOWS, platformName: WINDOWS, proxy: Proxy(), setWindowRect: true, strictFileInteractability: false, timeouts: {implicit: 0, pageLoad: 300000, script: 30000}, unhandledPromptBehavior: dismiss and notify, webauthn:extension:credBlob: true, webauthn:extension:largeBlob: true, webauthn:virtualAuthenticators: true}
Session ID: 041a7a33dfd1cb1360f4e1dce8c602d3
*** Element info: {Using=xpath, value=/html/body/div[1]/div[1]/div[1]/div[1]/div[4]/div[2]/div/div[2]/div[2]/div/div[2]/div[3]/div[2]/div/div[1]/div[2]}]]>
            </message>
            <full-stacktrace>
              <![CDATA[org.openqa.selenium.NoSuchElementException: no such element: Unable to locate element: {"method":"xpath","selector":"/html/body/div[1]/div[1]/div[1]/div[1]/div[4]/div[2]/div/div[2]/div[2]/div/div[2]/div[3]/div[2]/div/div[1]/div[2]"}
  (Session info: chrome=104.0.5112.82)
For documentation on this error, please visit: https://www.seleniumhq.org/exceptions/no_such_element.html
Build info: version: '3.141.59', revision: 'e82be7d358', time: '2018-11-14T08:17:03'
System info: host: 'LIN51013508', ip: '192.168.29.56', os.name: 'Windows 10', os.arch: 'amd64', os.version: '10.0', java.version: '16.0.1'
Driver info: org.openqa.selenium.chrome.ChromeDriver
Capabilities {acceptInsecureCerts: false, browserName: chrome, browserVersion: 104.0.5112.82, chrome: {chromedriverVersion: 104.0.5112.79 (3cf3e8c8a07d..., userDataDir: C:\Users\aavadhoo\AppData\L...}, goog:chromeOptions: {debuggerAddress: localhost:57823}, javascriptEnabled: true, networkConnectionEnabled: false, pageLoadStrategy: normal, platform: WINDOWS, platformName: WINDOWS, proxy: Proxy(), setWindowRect: true, strictFileInteractability: false, timeouts: {implicit: 0, pageLoad: 300000, script: 30000}, unhandledPromptBehavior: dismiss and notify, webauthn:extension:credBlob: true, webauthn:extension:largeBlob: true, webauthn:virtualAuthenticators: true}
Session ID: 041a7a33dfd1cb1360f4e1dce8c602d3
*** Element info: {Using=xpath, value=/html/body/div[1]/div[1]/div[1]/div[1]/div[4]/div[2]/div/div[2]/div[2]/div/div[2]/div[3]/div[2]/div/div[1]/div[2]}
at java.base/jdk.internal.reflect.NativeConstructorAccessorImpl.newInstance0(Native Method)
at java.base/jdk.internal.reflect.NativeConstructorAccessorImpl.newInstance(NativeConstructorAccessorImpl.java:78)
at java.base/jdk.internal.reflect.DelegatingConstructorAccessorImpl.newInstance(DelegatingConstructorAccessorImpl.java:45)
at java.base/java.lang.reflect.Constructor.newInstanceWithCaller(Constructor.java:499)
at java.base/java.lang.reflect.Constructor.newInstance(Constructor.java:480)
at org.openqa.selenium.remote.http.W3CHttpResponseCodec.createException(W3CHttpResponseCodec.java:187)
at org.openqa.selenium.remote.http.W3CHttpResponseCodec.decode(W3CHttpResponseCodec.java:122)
at org.openqa.selenium.remote.http.W3CHttpResponseCodec.decode(W3CHttpResponseCodec.java:49)
at org.openqa.selenium.remote.HttpCommandExecutor.execute(HttpCommandExecutor.java:158)
at org.openqa.selenium.remote.service.DriverCommandExecutor.execute(DriverCommandExecutor.java:83)
at org.openqa.selenium.remote.RemoteWebDriver.execute(RemoteWebDriver.java:552)
at org.openqa.selenium.remote.RemoteWebDriver.findElement(RemoteWebDriver.java:323)
at org.openqa.selenium.remote.RemoteWebDriver.findElementByXPath(RemoteWebDriver.java:428)
at org.openqa.selenium.By$ByXPath.findElement(By.java:353)
at org.openqa.selenium.remote.RemoteWebDriver.findElement(RemoteWebDriver.java:315)
at org.openqa.selenium.support.pagefactory.DefaultElementLocator.findElement(DefaultElementLocator.java:69)
at org.openqa.selenium.support.pagefactory.internal.LocatingElementHandler.invoke(LocatingElementHandler.java:38)
at jdk.proxy2/jdk.proxy2.$Proxy25.click(Unknown Source)
at PageFactoryy.swiggyAddToCartPageFactory.increaseQuantity(swiggyAddToCartPageFactory.java:144)
at StepDefinition.swiggyAddToCartDefinition.user_is_able_to_increase_or_decrease_the_quantity_of_food_item(swiggyAddToCartDefinition.java:63)
at ✽.User is able to increase or decrease the quantity of food item(file:///C:/Users/aavadhoo/OneDrive%20-%20Capgemini/Desktop/JUnit/com.swiggyyy/src/test/java/FeatureFile/addToCart.feature:34)
]]>
            </full-stacktrace>
          </exception> <!-- org.openqa.selenium.NoSuchElementException -->
          <reporter-output>
          </reporter-output>
        </test-method> <!-- runScenario -->
        <test-method signature="runScenario(io.cucumber.testng.PickleWrapper,io.cucumber.testng.FeatureWrapper)[pri:0, instance:TestRunner.testRunnerClass@7d4f9aae]" started-at="2022-08-22T12:38:39 IST" name="runScenario" description="Runs Cucumber Scenarios" data-provider="scenarios" finished-at="2022-08-22T12:39:10 IST" duration-ms="30438" status="PASS">
          <params>
            <param index="0">
              <value>
                <![CDATA["Check if User is able to read data from Excel"]]>
              </value>
            </param>
            <param index="1">
              <value>
                <![CDATA["Optional[Search dishes from Restaurant and Add to Cart]"]]>
              </value>
            </param>
          </params>
          <reporter-output>
          </reporter-output>
        </test-method> <!-- runScenario -->
        <test-method signature="runScenario(io.cucumber.testng.PickleWrapper,io.cucumber.testng.FeatureWrapper)[pri:0, instance:TestRunner.testRunnerClass@7d4f9aae]" started-at="2022-08-22T12:39:10 IST" name="runScenario" description="Runs Cucumber Scenarios" data-provider="scenarios" finished-at="2022-08-22T12:39:25 IST" duration-ms="15664" status="PASS">
          <params>
            <param index="0">
              <value>
                <![CDATA["Check if User is able to click on Cuisines checkboxes and get Restaurants accordingly"]]>
              </value>
            </param>
            <param index="1">
              <value>
                <![CDATA["Optional[Swiggy Filters on HomePage Functionality]"]]>
              </value>
            </param>
          </params>
          <reporter-output>
          </reporter-output>
        </test-method> <!-- runScenario -->
        <test-method signature="runScenario(io.cucumber.testng.PickleWrapper,io.cucumber.testng.FeatureWrapper)[pri:0, instance:TestRunner.testRunnerClass@7d4f9aae]" started-at="2022-08-22T12:39:25 IST" name="runScenario" description="Runs Cucumber Scenarios" data-provider="scenarios" finished-at="2022-08-22T12:39:48 IST" duration-ms="22522" status="PASS">
          <params>
            <param index="0">
              <value>
                <![CDATA["Check if User is able to clear applied filters"]]>
              </value>
            </param>
            <param index="1">
              <value>
                <![CDATA["Optional[Swiggy Filters on HomePage Functionality]"]]>
              </value>
            </param>
          </params>
          <reporter-output>
          </reporter-output>
        </test-method> <!-- runScenario -->
        <test-method signature="runScenario(io.cucumber.testng.PickleWrapper,io.cucumber.testng.FeatureWrapper)[pri:0, instance:TestRunner.testRunnerClass@7d4f9aae]" started-at="2022-08-22T12:39:48 IST" name="runScenario" description="Runs Cucumber Scenarios" data-provider="scenarios" finished-at="2022-08-22T12:40:11 IST" duration-ms="23230" status="PASS">
          <params>
            <param index="0">
              <value>
                <![CDATA["Check if User is able to access Help Page to clarify basic doubts"]]>
              </value>
            </param>
            <param index="1">
              <value>
                <![CDATA["Optional[Swiggy Help functionality]"]]>
              </value>
            </param>
          </params>
          <reporter-output>
          </reporter-output>
        </test-method> <!-- runScenario -->
        <test-method signature="runScenario(io.cucumber.testng.PickleWrapper,io.cucumber.testng.FeatureWrapper)[pri:0, instance:TestRunner.testRunnerClass@7d4f9aae]" started-at="2022-08-22T12:40:11 IST" name="runScenario" description="Runs Cucumber Scenarios" data-provider="scenarios" finished-at="2022-08-22T12:40:24 IST" duration-ms="12310" status="PASS">
          <params>
            <param index="0">
              <value>
                <![CDATA["Check if User is able to get Restaurant offers"]]>
              </value>
            </param>
            <param index="1">
              <value>
                <![CDATA["Optional[Swiggy Offers functionality]"]]>
              </value>
            </param>
          </params>
          <reporter-output>
          </reporter-output>
        </test-method> <!-- runScenario -->
        <test-method signature="runScenario(io.cucumber.testng.PickleWrapper,io.cucumber.testng.FeatureWrapper)[pri:0, instance:TestRunner.testRunnerClass@7d4f9aae]" started-at="2022-08-22T12:40:24 IST" name="runScenario" description="Runs Cucumber Scenarios" data-provider="scenarios" finished-at="2022-08-22T12:40:37 IST" duration-ms="13368" status="PASS">
          <params>
            <param index="0">
              <value>
                <![CDATA["Check if User is able to get Payment Offers/Coupons"]]>
              </value>
            </param>
            <param index="1">
              <value>
                <![CDATA["Optional[Swiggy Offers functionality]"]]>
              </value>
            </param>
          </params>
          <reporter-output>
          </reporter-output>
        </test-method> <!-- runScenario -->
        <test-method signature="runScenario(io.cucumber.testng.PickleWrapper,io.cucumber.testng.FeatureWrapper)[pri:0, instance:TestRunner.testRunnerClass@7d4f9aae]" started-at="2022-08-22T12:40:37 IST" name="runScenario" description="Runs Cucumber Scenarios" data-provider="scenarios" finished-at="2022-08-22T12:40:55 IST" duration-ms="17912" status="PASS">
          <params>
            <param index="0">
              <value>
                <![CDATA["Check if User is able to click on More in Coupons and get the terms and conditions of the Coupon code"]]>
              </value>
            </param>
            <param index="1">
              <value>
                <![CDATA["Optional[Swiggy Offers functionality]"]]>
              </value>
            </param>
          </params>
          <reporter-output>
          </reporter-output>
        </test-method> <!-- runScenario -->
        <test-method signature="runScenario(io.cucumber.testng.PickleWrapper,io.cucumber.testng.FeatureWrapper)[pri:0, instance:TestRunner.testRunnerClass@7d4f9aae]" started-at="2022-08-22T12:40:55 IST" name="runScenario" description="Runs Cucumber Scenarios" data-provider="scenarios" finished-at="2022-08-22T12:41:13 IST" duration-ms="17756" status="PASS">
          <params>
            <param index="0">
              <value>
                <![CDATA["Check if User is able to copy the Coupon code"]]>
              </value>
            </param>
            <param index="1">
              <value>
                <![CDATA["Optional[Swiggy Offers functionality]"]]>
              </value>
            </param>
          </params>
          <reporter-output>
          </reporter-output>
        </test-method> <!-- runScenario -->
        <test-method is-config="true" signature="tearDownClass()[pri:0, instance:TestRunner.testRunnerClass@7d4f9aae]" started-at="2022-08-22T12:41:13 IST" name="tearDownClass" finished-at="2022-08-22T12:41:17 IST" duration-ms="4509" status="PASS">
          <reporter-output>
          </reporter-output>
        </test-method> <!-- tearDownClass -->
      </class> <!-- TestRunner.testRunnerClass -->
    </test> <!-- Test -->
  </suite> <!-- Suite -->
</testng-results>
